<?xml version="1.0" encoding="UTF-8"?>
<!-- Generated by org.testng.reporters.JUnitReportReporter -->
<testsuite skipped="0" hostname="CBT-2F-301" name="ValidLoginLogoutTest" tests="1" failures="0" timestamp="2020-11-26T16:21:28 IST" time="20.301" errors="0">
  <testcase name="ValidLoginLogout" time="20.301" classname="ValidLoginLogoutTest"/>
</testsuite> <!-- ValidLoginLogoutTest -->
